<?xml version="1.0" encoding="UTF-8"?>
<testsuite name="com.example.webflux.bookservice.BookserviceApplicationTests" tests="1" skipped="0" failures="0" errors="0" timestamp="2020-12-30T13:25:00" hostname="keers-65403" time="0.333">
  <properties/>
  <testcase name="contextLoads()" classname="com.example.webflux.bookservice.BookserviceApplicationTests" time="0.333"/>
  <system-out><![CDATA[18:54:57.933 [Test worker] DEBUG org.springframework.test.context.BootstrapUtils - Instantiating CacheAwareContextLoaderDelegate from class [org.springframework.test.context.cache.DefaultCacheAwareContextLoaderDelegate]
18:54:57.942 [Test worker] DEBUG org.springframework.test.context.BootstrapUtils - Instantiating BootstrapContext using constructor [public org.springframework.test.context.support.DefaultBootstrapContext(java.lang.Class,org.springframework.test.context.CacheAwareContextLoaderDelegate)]
18:54:57.973 [Test worker] DEBUG org.springframework.test.context.BootstrapUtils - Instantiating TestContextBootstrapper for test class [com.example.webflux.bookservice.BookserviceApplicationTests] from class [org.springframework.boot.test.context.SpringBootTestContextBootstrapper]
18:54:57.986 [Test worker] INFO org.springframework.boot.test.context.SpringBootTestContextBootstrapper - Neither @ContextConfiguration nor @ContextHierarchy found for test class [com.example.webflux.bookservice.BookserviceApplicationTests], using SpringBootContextLoader
18:54:57.989 [Test worker] DEBUG org.springframework.test.context.support.AbstractContextLoader - Did not detect default resource location for test class [com.example.webflux.bookservice.BookserviceApplicationTests]: class path resource [com/example/webflux/bookservice/BookserviceApplicationTests-context.xml] does not exist
18:54:57.990 [Test worker] DEBUG org.springframework.test.context.support.AbstractContextLoader - Did not detect default resource location for test class [com.example.webflux.bookservice.BookserviceApplicationTests]: class path resource [com/example/webflux/bookservice/BookserviceApplicationTestsContext.groovy] does not exist
18:54:57.990 [Test worker] INFO org.springframework.test.context.support.AbstractContextLoader - Could not detect default resource locations for test class [com.example.webflux.bookservice.BookserviceApplicationTests]: no resource found for suffixes {-context.xml, Context.groovy}.
18:54:57.993 [Test worker] INFO org.springframework.test.context.support.AnnotationConfigContextLoaderUtils - Could not detect default configuration classes for test class [com.example.webflux.bookservice.BookserviceApplicationTests]: BookserviceApplicationTests does not declare any static, non-private, non-final, nested classes annotated with @Configuration.
18:54:58.045 [Test worker] DEBUG org.springframework.test.context.support.ActiveProfilesUtils - Could not find an 'annotation declaring class' for annotation type [org.springframework.test.context.ActiveProfiles] and class [com.example.webflux.bookservice.BookserviceApplicationTests]
18:54:58.096 [Test worker] DEBUG org.springframework.context.annotation.ClassPathScanningCandidateComponentProvider - Identified candidate component class: file [/Users/keers/Downloads/keers-github/bookservice-webflux/build/classes/java/main/com/example/webflux/bookservice/BookserviceApplication.class]
18:54:58.097 [Test worker] INFO org.springframework.boot.test.context.SpringBootTestContextBootstrapper - Found @SpringBootConfiguration com.example.webflux.bookservice.BookserviceApplication for test class com.example.webflux.bookservice.BookserviceApplicationTests
18:54:58.186 [Test worker] DEBUG org.springframework.boot.test.context.SpringBootTestContextBootstrapper - @TestExecutionListeners is not present for class [com.example.webflux.bookservice.BookserviceApplicationTests]: using defaults.
18:54:58.186 [Test worker] INFO org.springframework.boot.test.context.SpringBootTestContextBootstrapper - Loaded default TestExecutionListener class names from location [META-INF/spring.factories]: [org.springframework.boot.test.autoconfigure.restdocs.RestDocsTestExecutionListener, org.springframework.boot.test.autoconfigure.web.client.MockRestServiceServerResetTestExecutionListener, org.springframework.boot.test.autoconfigure.web.servlet.MockMvcPrintOnlyOnFailureTestExecutionListener, org.springframework.boot.test.autoconfigure.web.servlet.WebDriverTestExecutionListener, org.springframework.boot.test.autoconfigure.webservices.client.MockWebServiceServerTestExecutionListener, org.springframework.boot.test.mock.mockito.MockitoTestExecutionListener, org.springframework.boot.test.mock.mockito.ResetMocksTestExecutionListener, org.springframework.test.context.web.ServletTestExecutionListener, org.springframework.test.context.support.DirtiesContextBeforeModesTestExecutionListener, org.springframework.test.context.support.DependencyInjectionTestExecutionListener, org.springframework.test.context.support.DirtiesContextTestExecutionListener, org.springframework.test.context.transaction.TransactionalTestExecutionListener, org.springframework.test.context.jdbc.SqlScriptsTestExecutionListener, org.springframework.test.context.event.EventPublishingTestExecutionListener]
18:54:58.205 [Test worker] DEBUG org.springframework.boot.test.context.SpringBootTestContextBootstrapper - Skipping candidate TestExecutionListener [org.springframework.test.context.web.ServletTestExecutionListener] due to a missing dependency. Specify custom listener classes or make the default listener classes and their required dependencies available. Offending class: [javax/servlet/ServletContext]
18:54:58.212 [Test worker] INFO org.springframework.boot.test.context.SpringBootTestContextBootstrapper - Using TestExecutionListeners: [org.springframework.test.context.support.DirtiesContextBeforeModesTestExecutionListener@1587456b, org.springframework.boot.test.mock.mockito.MockitoTestExecutionListener@58b6ad23, org.springframework.boot.test.autoconfigure.SpringBootDependencyInjectionTestExecutionListener@19db363, org.springframework.test.context.support.DirtiesContextTestExecutionListener@3d42339, org.springframework.test.context.transaction.TransactionalTestExecutionListener@2c578235, org.springframework.test.context.jdbc.SqlScriptsTestExecutionListener@41e5fd29, org.springframework.test.context.event.EventPublishingTestExecutionListener@2d0f48dd, org.springframework.boot.test.autoconfigure.restdocs.RestDocsTestExecutionListener@fe06bae, org.springframework.boot.test.autoconfigure.web.client.MockRestServiceServerResetTestExecutionListener@1fb6064d, org.springframework.boot.test.autoconfigure.web.servlet.MockMvcPrintOnlyOnFailureTestExecutionListener@7154bc27, org.springframework.boot.test.autoconfigure.web.servlet.WebDriverTestExecutionListener@264a4b70, org.springframework.boot.test.autoconfigure.webservices.client.MockWebServiceServerTestExecutionListener@2afbf90c, org.springframework.boot.test.mock.mockito.ResetMocksTestExecutionListener@5d00670]
18:54:58.215 [Test worker] DEBUG org.springframework.test.context.support.AbstractDirtiesContextTestExecutionListener - Before test class: context [DefaultTestContext@6be91303 testClass = BookserviceApplicationTests, testInstance = [null], testMethod = [null], testException = [null], mergedContextConfiguration = [ReactiveWebMergedContextConfiguration@311ecd48 testClass = BookserviceApplicationTests, locations = '{}', classes = '{class com.example.webflux.bookservice.BookserviceApplication}', contextInitializerClasses = '[]', activeProfiles = '{}', propertySourceLocations = '{}', propertySourceProperties = '{org.springframework.boot.test.context.SpringBootTestContextBootstrapper=true}', contextCustomizers = set[org.springframework.boot.test.autoconfigure.actuate.metrics.MetricsExportContextCustomizerFactory$DisableMetricExportContextCustomizer@79ecef1c, org.springframework.boot.test.autoconfigure.properties.PropertyMappingContextCustomizer@0, org.springframework.boot.test.autoconfigure.web.servlet.WebDriverContextCustomizerFactory$Customizer@3b5993dc, org.springframework.boot.test.context.filter.ExcludeFilterContextCustomizer@511eb5de, org.springframework.boot.test.json.DuplicateJsonObjectContextCustomizerFactory$DuplicateJsonObjectContextCustomizer@209424c0, org.springframework.boot.test.mock.mockito.MockitoContextCustomizer@0, org.springframework.boot.test.web.client.TestRestTemplateContextCustomizer@70b202ef, org.springframework.boot.test.web.reactive.server.WebTestClientContextCustomizer@1e94adc7, org.springframework.boot.test.context.SpringBootTestArgs@1, org.springframework.boot.test.context.SpringBootTestWebEnvironment@694541fe], contextLoader = 'org.springframework.boot.test.context.SpringBootContextLoader', parent = [null]], attributes = map[[empty]]], class annotated with @DirtiesContext [false] with mode [null].
18:54:58.225 [Test worker] DEBUG org.springframework.test.context.support.DependencyInjectionTestExecutionListener - Performing dependency injection for test context [[DefaultTestContext@6be91303 testClass = BookserviceApplicationTests, testInstance = com.example.webflux.bookservice.BookserviceApplicationTests@4599e027, testMethod = [null], testException = [null], mergedContextConfiguration = [ReactiveWebMergedContextConfiguration@311ecd48 testClass = BookserviceApplicationTests, locations = '{}', classes = '{class com.example.webflux.bookservice.BookserviceApplication}', contextInitializerClasses = '[]', activeProfiles = '{}', propertySourceLocations = '{}', propertySourceProperties = '{org.springframework.boot.test.context.SpringBootTestContextBootstrapper=true}', contextCustomizers = set[org.springframework.boot.test.autoconfigure.actuate.metrics.MetricsExportContextCustomizerFactory$DisableMetricExportContextCustomizer@79ecef1c, org.springframework.boot.test.autoconfigure.properties.PropertyMappingContextCustomizer@0, org.springframework.boot.test.autoconfigure.web.servlet.WebDriverContextCustomizerFactory$Customizer@3b5993dc, org.springframework.boot.test.context.filter.ExcludeFilterContextCustomizer@511eb5de, org.springframework.boot.test.json.DuplicateJsonObjectContextCustomizerFactory$DuplicateJsonObjectContextCustomizer@209424c0, org.springframework.boot.test.mock.mockito.MockitoContextCustomizer@0, org.springframework.boot.test.web.client.TestRestTemplateContextCustomizer@70b202ef, org.springframework.boot.test.web.reactive.server.WebTestClientContextCustomizer@1e94adc7, org.springframework.boot.test.context.SpringBootTestArgs@1, org.springframework.boot.test.context.SpringBootTestWebEnvironment@694541fe], contextLoader = 'org.springframework.boot.test.context.SpringBootContextLoader', parent = [null]], attributes = map[[empty]]]].
18:54:58.243 [Test worker] DEBUG org.springframework.test.context.support.TestPropertySourceUtils - Adding inlined properties to environment: {spring.jmx.enabled=false, org.springframework.boot.test.context.SpringBootTestContextBootstrapper=true}

  .   ____          _            __ _ _
 /\\ / ___'_ __ _ _(_)_ __  __ _ \ \ \ \
( ( )\___ | '_ | '_| | '_ \/ _` | \ \ \ \
 \\/  ___)| |_)| | | | | || (_| |  ) ) ) )
  '  |____| .__|_| |_|_| |_\__, | / / / /
 =========|_|==============|___/=/_/_/_/
 :: Spring Boot ::                (v2.4.1)

2020-12-30 18:54:58.452  INFO 61678 --- [    Test worker] c.e.w.b.BookserviceApplicationTests      : Starting BookserviceApplicationTests using Java 11.0.8 on keers-65403 with PID 61678 (started by keers in /Users/keers/Downloads/keers-github/bookservice-webflux)
2020-12-30 18:54:58.455  INFO 61678 --- [    Test worker] c.e.w.b.BookserviceApplicationTests      : No active profile set, falling back to default profiles: default
2020-12-30 18:54:58.862  INFO 61678 --- [    Test worker] .s.d.r.c.RepositoryConfigurationDelegate : Bootstrapping Spring Data Reactive MongoDB repositories in DEFAULT mode.
2020-12-30 18:54:58.994  INFO 61678 --- [    Test worker] .s.d.r.c.RepositoryConfigurationDelegate : Finished Spring Data repository scanning in 128 ms. Found 1 Reactive MongoDB repository interfaces.
2020-12-30 18:54:59.565  INFO 61678 --- [       Thread-4] o.s.b.a.mongo.embedded.EmbeddedMongo     : note: noprealloc may hurt performance in many applications
2020-12-30 18:54:59.577  INFO 61678 --- [       Thread-4] o.s.b.a.mongo.embedded.EmbeddedMongo     : 2020-12-30T18:54:59.576+0530 I CONTROL  [initandlisten] MongoDB starting : pid=61692 port=49721 dbpath=/var/folders/qx/n_xb7_ln4lj1mpjrtbncgjhmzpnbnc/T/embedmongo-db-7faa5c81-1755-42b8-b919-29fd935a4a8f 64-bit host=keers-65403
2020-12-30 18:54:59.577  INFO 61678 --- [       Thread-4] o.s.b.a.mongo.embedded.EmbeddedMongo     : 2020-12-30T18:54:59.577+0530 I CONTROL  [initandlisten] db version v3.5.5
2020-12-30 18:54:59.577  INFO 61678 --- [       Thread-4] o.s.b.a.mongo.embedded.EmbeddedMongo     : 2020-12-30T18:54:59.577+0530 I CONTROL  [initandlisten] git version: 98515c812b6fa893613f063dae568ff8319cbfbd
2020-12-30 18:54:59.577  INFO 61678 --- [       Thread-4] o.s.b.a.mongo.embedded.EmbeddedMongo     : 2020-12-30T18:54:59.577+0530 I CONTROL  [initandlisten] allocator: system
2020-12-30 18:54:59.578  INFO 61678 --- [       Thread-4] o.s.b.a.mongo.embedded.EmbeddedMongo     : 2020-12-30T18:54:59.577+0530 I CONTROL  [initandlisten] modules: none
2020-12-30 18:54:59.578  INFO 61678 --- [       Thread-4] o.s.b.a.mongo.embedded.EmbeddedMongo     : 2020-12-30T18:54:59.577+0530 I CONTROL  [initandlisten] build environment:
2020-12-30 18:54:59.578  INFO 61678 --- [       Thread-4] o.s.b.a.mongo.embedded.EmbeddedMongo     : 2020-12-30T18:54:59.577+0530 I CONTROL  [initandlisten]     distarch: x86_64
2020-12-30 18:54:59.578  INFO 61678 --- [       Thread-4] o.s.b.a.mongo.embedded.EmbeddedMongo     : 2020-12-30T18:54:59.577+0530 I CONTROL  [initandlisten]     target_arch: x86_64
2020-12-30 18:54:59.578  INFO 61678 --- [       Thread-4] o.s.b.a.mongo.embedded.EmbeddedMongo     : 2020-12-30T18:54:59.577+0530 I CONTROL  [initandlisten] options: { net: { bindIp: "127.0.0.1", http: { enabled: false }, port: 49721 }, security: { authorization: "disabled" }, storage: { dbPath: "/var/folders/qx/n_xb7_ln4lj1mpjrtbncgjhmzpnbnc/T/embedmongo-db-7faa5c81-1755-42b8-b919-29fd935a4a8f", journal: { enabled: false }, mmapv1: { preallocDataFiles: false, smallFiles: true }, syncPeriodSecs: 0.0 } }
2020-12-30 18:54:59.598  INFO 61678 --- [       Thread-4] o.s.b.a.mongo.embedded.EmbeddedMongo     : 2020-12-30T18:54:59.598+0530 I STORAGE  [initandlisten] wiredtiger_open config: create,cache_size=7680M,session_max=20000,eviction=(threads_min=4,threads_max=4),config_base=false,statistics=(fast),log=(enabled=true,archive=true,path=journal,compressor=snappy),file_manager=(close_idle_time=100000),checkpoint=(wait=0,log_size=2GB),statistics_log=(wait=0),verbose=(recovery_progress),,log=(enabled=false),
2020-12-30 18:54:59.782  INFO 61678 --- [       Thread-4] o.s.b.a.mongo.embedded.EmbeddedMongo     : 2020-12-30T18:54:59.782+0530 W STORAGE  [initandlisten] Detected configuration for non-active storage engine mmapv1 when current storage engine is wiredTiger
2020-12-30 18:54:59.783  INFO 61678 --- [       Thread-4] o.s.b.a.mongo.embedded.EmbeddedMongo     : 2020-12-30T18:54:59.782+0530 I CONTROL  [initandlisten] 
2020-12-30 18:54:59.783  INFO 61678 --- [       Thread-4] o.s.b.a.mongo.embedded.EmbeddedMongo     : 2020-12-30T18:54:59.782+0530 I CONTROL  [initandlisten] ** NOTE: This is a development version (3.5.5) of MongoDB.
2020-12-30 18:54:59.783  INFO 61678 --- [       Thread-4] o.s.b.a.mongo.embedded.EmbeddedMongo     : 2020-12-30T18:54:59.782+0530 I CONTROL  [initandlisten] **       Not recommended for production.
2020-12-30 18:54:59.783  INFO 61678 --- [       Thread-4] o.s.b.a.mongo.embedded.EmbeddedMongo     : 2020-12-30T18:54:59.782+0530 I CONTROL  [initandlisten] 
2020-12-30 18:54:59.840  INFO 61678 --- [       Thread-4] o.s.b.a.mongo.embedded.EmbeddedMongo     : 2020-12-30T18:54:59.839+0530 I FTDC     [initandlisten] Initializing full-time diagnostic data capture with directory '/var/folders/qx/n_xb7_ln4lj1mpjrtbncgjhmzpnbnc/T/embedmongo-db-7faa5c81-1755-42b8-b919-29fd935a4a8f/diagnostic.data'
2020-12-30 18:54:59.921  INFO 61678 --- [       Thread-4] o.s.b.a.mongo.embedded.EmbeddedMongo     : 2020-12-30T18:54:59.920+0530 I INDEX    [initandlisten] build index on: admin.system.version properties: { v: 2, key: { version: 1 }, name: "incompatible_with_version_32", ns: "admin.system.version" }
2020-12-30 18:54:59.921  INFO 61678 --- [       Thread-4] o.s.b.a.mongo.embedded.EmbeddedMongo     : 2020-12-30T18:54:59.920+0530 I INDEX    [initandlisten] 	 building index using bulk method; build may temporarily use up to 500 megabytes of RAM
2020-12-30 18:54:59.927  INFO 61678 --- [       Thread-4] o.s.b.a.mongo.embedded.EmbeddedMongo     : 2020-12-30T18:54:59.927+0530 I INDEX    [initandlisten] build index done.  scanned 0 total records. 0 secs
2020-12-30 18:54:59.927  INFO 61678 --- [       Thread-4] o.s.b.a.mongo.embedded.EmbeddedMongo     : 2020-12-30T18:54:59.927+0530 I COMMAND  [initandlisten] setting featureCompatibilityVersion to 3.4
2020-12-30 18:54:59.928  INFO 61678 --- [       Thread-4] o.s.b.a.mongo.embedded.EmbeddedMongo     : 2020-12-30T18:54:59.928+0530 I NETWORK  [thread1] waiting for connections on port 49721
2020-12-30 18:54:59.928  INFO 61678 --- [    Test worker] d.f.embed.mongo.MongodExecutable         : start de.flapdoodle.embed.mongo.config.MongodConfigBuilder$ImmutableMongodConfig@76e418c7
2020-12-30 18:55:00.054  INFO 61678 --- [    Test worker] org.mongodb.driver.cluster               : Cluster created with settings {hosts=[localhost:49721], mode=SINGLE, requiredClusterType=UNKNOWN, serverSelectionTimeout='30000 ms'}
2020-12-30 18:55:00.139  INFO 61678 --- [       Thread-4] o.s.b.a.mongo.embedded.EmbeddedMongo     : 2020-12-30T18:55:00.138+0530 I NETWORK  [thread1] connection accepted from 127.0.0.1:49729 #1 (1 connection now open)
2020-12-30 18:55:00.139  INFO 61678 --- [       Thread-4] o.s.b.a.mongo.embedded.EmbeddedMongo     : 2020-12-30T18:55:00.139+0530 I NETWORK  [thread1] connection accepted from 127.0.0.1:49730 #2 (2 connections now open)
2020-12-30 18:55:00.187  INFO 61678 --- [       Thread-4] o.s.b.a.mongo.embedded.EmbeddedMongo     : 2020-12-30T18:55:00.187+0530 I NETWORK  [conn2] received client metadata from 127.0.0.1:49730 conn2: { driver: { name: "mongo-java-driver|reactive-streams|spring-boot", version: "4.1.1" }, os: { type: "Darwin", name: "Mac OS X", architecture: "x86_64", version: "10.14.6" }, platform: "Java/Oracle Corporation/11.0.8+10-LTS" }
2020-12-30 18:55:00.187  INFO 61678 --- [       Thread-4] o.s.b.a.mongo.embedded.EmbeddedMongo     : 2020-12-30T18:55:00.187+0530 I NETWORK  [conn1] received client metadata from 127.0.0.1:49729 conn1: { driver: { name: "mongo-java-driver|reactive-streams|spring-boot", version: "4.1.1" }, os: { type: "Darwin", name: "Mac OS X", architecture: "x86_64", version: "10.14.6" }, platform: "Java/Oracle Corporation/11.0.8+10-LTS" }
2020-12-30 18:55:00.218  INFO 61678 --- [localhost:49721] org.mongodb.driver.connection            : Opened connection [connectionId{localValue:2, serverValue:1}] to localhost:49721
2020-12-30 18:55:00.218  INFO 61678 --- [localhost:49721] org.mongodb.driver.connection            : Opened connection [connectionId{localValue:1, serverValue:2}] to localhost:49721
2020-12-30 18:55:00.218  INFO 61678 --- [localhost:49721] org.mongodb.driver.cluster               : Monitor thread successfully connected to server with description ServerDescription{address=localhost:49721, type=STANDALONE, state=CONNECTED, ok=true, minWireVersion=0, maxWireVersion=5, maxDocumentSize=16777216, logicalSessionTimeoutMinutes=null, roundTripTimeNanos=73863957}
2020-12-30 18:55:00.816  INFO 61678 --- [    Test worker] c.e.w.b.BookserviceApplicationTests      : Started BookserviceApplicationTests in 2.562 seconds (JVM running for 3.748)
]]></system-out>
  <system-err><![CDATA[]]></system-err>
</testsuite>
